<?xml version="1.0" encoding="UTF-8"?>
<testsuite errors="0" failures="0" skipped="0" name="Get places in Sonar by provider id" tests="2" time="0.379401">
    <testcase classname="Get places in Sonar by provider id" name="Get a registered place in Foursquare" time="0.379094" assertions="10">
    </testcase>
</testsuite>
