<?xml version="1.0" encoding="UTF-8"?>
<testsuite errors="0" failures="0" skipped="0" name="Get places in Sonar by provider id" tests="4" time="0.775244">
    <testcase classname="Get places in Sonar by provider id" name="Get a registered place in Facebook" time="0.404006" assertions="11">
    </testcase>
    <testcase classname="Get places in Sonar by provider id" name="Get a registered place in Foursquare" time="0.370667" assertions="10">
    </testcase>
</testsuite>
