<?xml version="1.0" encoding="UTF-8"?>
<testsuite errors="0" failures="0" skipped="0" name="Add a new place in Sonar" tests="2" time="1.310907">
    <testcase classname="Add a new place in Sonar" name="Add new place in Facebook" time="0.664707" assertions="7">
    </testcase>
    <testcase classname="Add a new place in Sonar" name="Add new place in Foursquare" time="0.644884" assertions="7">
    </testcase>
</testsuite>
